0:100  0:100  MemLog inited, TSC freq: 2592373340
0:100  0:000  CPU was calibrated with RTC
0:100  0:000  
0:100  0:000  Now is 20.05.2020,  05:23:37 (GMT)
0:100  0:000  Starting Clover revision: 5107 (master, commit a3f3053c3) on American Megatrends EFI
0:100  0:000  Build with: [Args: -D NO_GRUB_DRIVERS_EMBEDDED -t GCC53 | -D NO_GRUB_DRIVERS_EMBEDDED --conf=/Users/sergey/src/CloverHackyColor/Conf -D USE_LOW_EBDA -a X64 -b RELEASE -t GCC53 -n 5 | OS: 10.14.6]
0:100  0:000  SelfDevicePath=PciRoot(0x0)\Pci(0x1D,0x0)\Pci(0x0,0x0)\NVMe(0x1,9C-ED-B0-71-BB-38-25-00)\HD(1,GPT,9C533442-C2CB-4E3A-AE84-7B98628E9348,0x1000,0x72000) @7639A918
0:100  0:000  SelfDirPath = \EFI\BOOT
0:100  0:000  Clover : Image base = 0x70C21000
1:002  0:902  SimpleTextEx Status=Success
1:002  0:000  === [ Get Smbios ] ==============================
1:002  0:000  Type 16 Index = 0
1:002  0:000  Total Memory Slots Count = 4
1:002  0:000  Type 17 Index = 0
1:002  0:000  SmbiosTable.Type17->Speed = 2667MHz
1:002  0:000  SmbiosTable.Type17->Size = 16384MB
1:002  0:000  SmbiosTable.Type17->Bank/Device = BANK 0 ChannelA-DIMM0
1:002  0:000  SmbiosTable.Type17->Vendor = Samsung
1:002  0:000  SmbiosTable.Type17->SerialNumber = B650A5AC
1:002  0:000  SmbiosTable.Type17->PartNumber = M471A2K43BB1-CTD    
1:002  0:000  Type 17 Index = 1
1:002  0:000  Ignoring insane frequency value 0MHz
1:002  0:000  SmbiosTable.Type17->Speed = 0MHz
1:002  0:000  SmbiosTable.Type17->Size = 0MB
1:002  0:000  SmbiosTable.Type17->Bank/Device = BANK 1 ChannelA-DIMM1
1:002  0:000  SmbiosTable.Type17->Vendor = <null string>
1:002  0:000  SmbiosTable.Type17->SerialNumber = <null string>
1:002  0:000  SmbiosTable.Type17->PartNumber = <null string>
1:002  0:000  Type 17 Index = 2
1:002  0:000  Ignoring insane frequency value 0MHz
1:002  0:000  SmbiosTable.Type17->Speed = 0MHz
1:002  0:000  SmbiosTable.Type17->Size = 0MB
1:002  0:000  SmbiosTable.Type17->Bank/Device = BANK 2 ChannelB-DIMM0
1:002  0:000  SmbiosTable.Type17->Vendor = <null string>
1:002  0:000  SmbiosTable.Type17->SerialNumber = <null string>
1:002  0:000  SmbiosTable.Type17->PartNumber = <null string>
1:002  0:000  Type 17 Index = 3
1:002  0:000  Ignoring insane frequency value 0MHz
1:002  0:000  SmbiosTable.Type17->Speed = 0MHz
1:002  0:000  SmbiosTable.Type17->Size = 0MB
1:002  0:000  SmbiosTable.Type17->Bank/Device = BANK 3 ChannelB-DIMM1
1:002  0:000  SmbiosTable.Type17->Vendor = <null string>
1:002  0:000  SmbiosTable.Type17->SerialNumber = <null string>
1:002  0:000  SmbiosTable.Type17->PartNumber = <null string>
1:002  0:000  Boot status=0
1:002  0:000  Running on: 'To Be Filled By O.E.M.' with board 'S200 Series'
1:002  0:000  === [ GetCPUProperties ] ========================
1:002  0:000  CPU Vendor = 756E6547 Model=906EA
1:002  0:000   The CPU supported SSE4.1
1:002  0:000  BrandString = Intel(R) Core(TM) i7-8850H CPU @ 2.60GHz
1:002  0:000   The CPU supported turbo
1:002  0:000  MSR 0x35               6000C
1:002  0:000   TSC/CCC Information Leaf:
1:002  0:000    numerator     : 216
1:002  0:000    denominator   : 2
1:002  0:000   Calibrated ARTFrequency: 24003456
1:002  0:000   Rounded ARTFrequency: 24000000
1:002  0:000  MSR 0xE2 before patch 1E008008
1:002  0:000  MSR 0xE2 is locked, PM patches will be turned on
1:002  0:000  MSR 0xCE              0808083B_F9011A00
1:002  0:000  corrected FLEX_RATIO = 80000
1:002  0:000  MSR 0x1B0             00000000
1:002  0:000  FSBFrequency = 97 MHz, DMI FSBFrequency = 100 MHz, Corrected FSBFrequency = 100 MHz
1:002  0:000  MaxDiv/MinDiv: 26.0/8
1:002  0:000  Turbo: 41/42/42/43
1:002  0:000  Features: 0xBFEBFBFF
1:002  0:000  Threads: 12
1:002  0:000  Cores: 6
1:002  0:000  FSB: 100 MHz
1:002  0:000  CPU: 2500 MHz
1:002  0:000  TSC: 2500 MHz
1:002  0:000  PIS: 100 MHz
1:002  0:000  ExternalClock: 25 MHz
1:002  0:000  === [ GetDevices ] ==============================
1:002  0:000  GOP found at: PciRoot(0x0)/Pci(0x2,0x0)/AcpiAdr(0x80012310)
1:002  0:000  PCI (00|00:00.00) : 8086 3EC4 class=060000
1:002  0:000  PCI (00|00:02.00) : 8086 3E9B class=030000
1:002  0:000   - GOP: Provided by device
1:002  0:000   - GFX: Model=Intel UHD Graphics 630 (Intel)
1:002  0:000  PCI (00|00:14.00) : 8086 A12F class=0C0330
1:002  0:000  PCI (00|00:14.02) : 8086 A131 class=118000
1:002  0:000  PCI (00|00:17.00) : 8086 A102 class=010601
1:002  0:000  PCI (00|00:1C.00) : 8086 A114 class=060400
1:002  0:000  PCI (00|01:00.00) : 10EC 8168 class=020000
1:002  0:000   - LAN: 0 Vendor=Realtek
1:002  0:000  PCI (00|00:1C.05) : 8086 A115 class=060400
1:002  0:000  PCI (00|02:00.00) : 14E4 4353 class=028000
1:002  0:000   - WIFI: Vendor=Broadcom
1:002  0:000  PCI (00|00:1D.00) : 8086 A118 class=060400
1:002  0:000  PCI (00|03:00.00) : 144D A804 class=010802
1:003  0:000  PCI (00|00:1F.00) : 8086 A149 class=060100
1:003  0:000  PCI (00|00:1F.02) : 8086 A121 class=058000
1:003  0:000  PCI (00|00:1F.03) : 8086 A170 class=040300
1:003  0:000  PCI (00|00:1F.04) : 8086 A123 class=0C0500
1:003  0:000  === [ GetDefaultSettings ] ======================
1:003  0:000  Clover load options size = 0 bytes
1:003  0:000  CheckOEMPathExists tried EFI\CLOVER\OEM\To Be Filled By O.E.M.--00-00-00-00-00-00. Dir not exists
1:003  0:000  CheckOEMPathExists tried EFI\CLOVER\OEM\S200 Series\UEFI. Dir not exists
1:003  0:000  CheckOEMPathExists tried EFI\CLOVER\OEM\To Be Filled By O.E.M.. Dir not exists
1:003  0:000  CheckOEMPathExists tried EFI\CLOVER\OEM\To Be Filled By O.E.M.-2500. Dir not exists
1:003  0:000  CheckOEMPathExists tried EFI\CLOVER\OEM\S200 Series. Dir not exists
1:003  0:000  CheckOEMPathExists tried EFI\CLOVER\OEM\S200 Series-2500. Dir not exists
1:003  0:000  set OEMPath by default: EFI\CLOVER
1:005  0:001  EFI\CLOVER\config.plist loaded: Success
1:005  0:000  === [ GetListOfThemes ] =========================
1:005  0:000  - [00]: SimpleThemeDark
1:006  0:000  === [ Found config plists ] =====================
1:006  0:000  - config.plist
1:006  0:000  === [ GetEarlyUserSettings ] ====================
1:006  0:000  timeout set to 2
1:006  0:000  Custom boot CUSTOM_BOOT_DISABLED (0x0)
1:006  0:000  Default theme: SimpleThemeDark
1:006  0:000  Hiding entries with string Preboot
1:006  0:000  Hiding entries with string Recovery
1:006  0:000  === [ LoadDrivers ] =============================
1:007  0:000  Loading ApfsDriverLoader.efi  status=Success
1:008  0:000   - driver needs connecting
1:008  0:000  Loading AppleImageLoader.efi  status=Success
1:009  0:000  Loading AppleUISupport.efi  status=Success
1:112  0:103  Loading AptioMemoryFix.efi  status=Success
1:114  0:001  Loading AudioDxe.efi  status=Success
1:115  0:001   - driver needs connecting
1:115  0:000  Loading DataHubDxe.efi  status=Success
1:118  0:002  Loading FSInject.efi  status=Success
1:119  0:001  Loading HFSPlus.efi  status=Success
1:120  0:001   - driver needs connecting
1:120  0:000  Loading VirtualSmc.efi  status=Success
1:222  0:102  Loading NTFS.efi  status=Success
1:224  0:001   - driver needs connecting
1:224  0:000  4 drivers needs connecting ...
1:224  0:000  PlatformDriverOverrideProtocol->GetDriver overriden
1:224  0:000  HFS+ driver loaded
1:224  0:000  APFS driver loaded
1:224  0:000  Searching for invalid DiskIo BY_DRIVER connects:
1:226  0:001   - Handle 765E0E98 with DiskIo, is Partition, no Fs, BY_DRIVER Agent: 7821F818, Disconnect: Success
6:294  5:068  === [ InitScreen ] ==============================
6:294  0:000  Console modes reported: 4, available modes:
6:294  0:000   - [01]: 80x25 (current mode)
6:294  0:000   - [02]: 80x50
6:294  0:000   - [03]: 100x31
6:294  0:000   - [04]: 240x56
6:294  0:000  SetMaxResolution: found best mode 0: 1920x1080
6:294  0:000   - already set
6:294  0:000  reinit: self device path=PciRoot(0x0)\Pci(0x1D,0x0)\Pci(0x0,0x0)\NVMe(0x1,9C-ED-B0-71-BB-38-25-00)\HD(1,GPT,9C533442-C2CB-4E3A-AE84-7B98628E9348,0x1000,0x72000)
6:294  0:000  new SelfHandle=7639A918
6:295  0:000  === [ GetMacAddress ] ===========================
6:295  0:000  MAC address of LAN #0= 00:E0:4C:6B:07:22:
6:295  0:000  MAC address of LAN #1= 00:E0:4C:6B:07:22:
6:295  0:000  MAC address of LAN #2= 00:E0:4C:6B:07:22:
6:295  0:000  MAC address of LAN #3= 00:E0:4C:6B:07:22:
6:295  0:000  === [ ScanSPD ] =================================
6:295  0:000  Scanning SMBus [8086:A123], mmio: 0xDF32A004, ioport: 0xF040, hostc: 0x11
6:314  0:018  Slot: 0 Type 26 16384MB 2666MHz Vendor=Samsung PartNo=M471A2K43BB1-CTD SerialNo=0B0605000A050A0C
6:315  0:001  === [ GetAcpiTablesList ] =======================
6:315  0:000  Get Acpi Tables List from RSDT:
6:315  0:000   - [00]: FACP  A M I  len=132
6:315  0:000   - [01]: APIC  A M I  len=244
6:315  0:000   - [02]: FPDT  A M I  len=68
6:315  0:000   - [03]: FIDT  A M I len=156
6:315  0:000   - [04]: MCFG  A M I  len=60
6:315  0:000   - [05]: SSDT  SataTabl len=857
6:315  0:000   - [06]: SSDT  SaSsdt  len=12645
6:315  0:000   - [07]: HPET  KBL len=56
6:315  0:000   - [08]: SSDT  Ther_Rvp len=4451
6:315  0:000   - [09]: SSDT  xh_kbl_s len=2607
6:315  0:000   - [10]: UEFI  A M I  len=66
6:315  0:000   - [11]: SSDT  CpuSsdt len=6062
6:315  0:000   - [12]: LPIT  KBL len=148
6:315  0:000   - [13]: SSDT  HdaDsp len=321
6:315  0:000   - [14]: SSDT  sensrhub len=671
6:315  0:000   - [15]: SSDT  PtidDevc len=12290
6:315  0:000   - [16]: SSDT  TbtTypeC len=1303
6:315  0:000   - [17]: SSDT  Wwan len=774
6:315  0:000   - [18]: DBGP   len=52
6:315  0:000   - [19]: DBG2   len=84
6:315  0:000   - [20]: DMAR  EDK2     len=168
6:315  0:000   - [21]: BGRT  A M I  len=56
6:315  0:000   - [22]: WSMT  A M I  len=40
6:315  0:000  Calibrated TSC Frequency = 2592373340 = 2592MHz
6:315  0:000  === [ GetUserSettings ] =========================
6:315  0:000  Add 7 devices (kTagTypeDict):
6:315  0:000  USB FixOwnership: no
6:315  0:000   - final DSDT Fix mask=00080001
6:315  0:000  PatchesDSDT: 5 requested
6:315  0:000   - [00]: (change _DSM to XDSM) lenToFind: 4, lenToReplace: 4, Target Bridge: <null string>
6:315  0:000   - [01]: (change _OSI to XOSI, pair with SSDT-XOSI.aml) lenToFind: 4, lenToReplace: 4, Target Bridge: <null string>
6:315  0:000   - [02]: (change H_EC to EC) lenToFind: 4, lenToReplace: 4, Target Bridge: <null string>
6:315  0:000   - [03]: (change SAT0 to SATA, optionally pair with SSDT-SATA.aml) lenToFind: 4, lenToReplace: 4, Target Bridge: <null string>
6:315  0:000   - [04]: (change LPC to LPCB, optionally pair with SSDT-DEHCI.aml, SSDT-DEH01.aml, SSDT-DEH02.aml, SSDT-LPC.aml) lenToFind: 4, lenToReplace: 4, Target Bridge: <null string>
6:315  0:000  Using ProductName from config: MacBookPro15,3
6:315  0:000  Using latest BiosVersion from clover
6:315  0:000  BiosVersion: MBP153.88Z.F000.B00.2003070239
6:315  0:000  BiosReleaseDate: 03/07/2020
6:315  0:000  Using latest EfiVersion from clover: 1037.100.355.0.0
6:315  0:000  Using FirmwareFeatures from config: 0xFC0FE137
6:315  0:000  Using FirmwareFeaturesMask from config: 0xFF1FFF3F
6:315  0:000  Board-ID set from config as Mac-1E7E29AD0135F9BC
6:315  0:000  BoardType: 0xA
6:315  0:000  ChassisType: 0x9
6:315  0:000  Converted CustomUUID C08707D3-B8C5-5AC4-875E-D157450B806F
6:316  0:000  === [ Found DSDT tables ] =======================
6:756  0:440  === [ ScanVolumes ] =============================
6:756  0:000  Found 15 volumes with blockIO
6:756  0:000  - [00]: Volume: PciRoot(0x0)\Pci(0x17,0x0)\Sata(0x1,0xFFFF,0x0)
6:790  0:033          Result of bootcode detection: bootable unknown (legacy)
6:790  0:000  - [01]: Volume: PciRoot(0x0)\Pci(0x17,0x0)\Sata(0x1,0xFFFF,0x0)\HD(1,MBR,0x1006C118,0x800,0x2EE000)
6:805  0:015          Result of bootcode detection: bootable Windows (vista,win)
6:813  0:007  - [02]: Volume: PciRoot(0x0)\Pci(0x17,0x0)\Sata(0x1,0xFFFF,0x0)\HD(2,MBR,0x1006C118,0x2F10C0,0x1EB7708)
6:828  0:015          Result of bootcode detection: bootable Windows (vista,win)
6:836  0:007  - [03]: Volume: PciRoot(0x0)\Pci(0x17,0x0)\Sata(0x1,0xFFFF,0x0)\HD(3,MBR,0x1006C118,0x21A8800,0x1D4B800)
6:846  0:010  - [04]: Volume: PciRoot(0x0)\Pci(0x17,0x0)\Sata(0x1,0xFFFF,0x0)\HD(4,MBR,0x1006C118,0x3EF4000,0xE10812D)
6:867  0:021  - [05]: Volume: PciRoot(0x0)\Pci(0x1D,0x0)\Pci(0x0,0x0)\NVMe(0x1,9C-ED-B0-71-BB-38-25-00)
6:868  0:000  - [06]: Volume: PciRoot(0x0)\Pci(0x1D,0x0)\Pci(0x0,0x0)\NVMe(0x1,9C-ED-B0-71-BB-38-25-00)\HD(1,GPT,9C533442-C2CB-4E3A-AE84-7B98628E9348,0x1000,0x72000)
6:868  0:000          Result of bootcode detection: bootable Windows (win)
6:870  0:002          This is SelfVolume !!
6:870  0:000  - [07]: Volume: PciRoot(0x0)\Pci(0x1D,0x0)\Pci(0x0,0x0)\NVMe(0x1,9C-ED-B0-71-BB-38-25-00)\HD(2,GPT,07CD2F6D-E52D-4123-8CAA-F4B4BC812CD9,0x73000,0xC801000)
6:870  0:000          Result of bootcode detection: bootable Windows (vista,win)
6:870  0:000  - [08]: Volume: PciRoot(0x0)\Pci(0x1D,0x0)\Pci(0x0,0x0)\NVMe(0x1,9C-ED-B0-71-BB-38-25-00)\HD(3,GPT,49756138-8FCC-43FC-A657-9F0D86F54895,0xC874000,0x10400000)
6:871  0:000          Result of bootcode detection: bootable unknown (legacy)
6:871  0:000  - [09]: Volume: PciRoot(0x0)\Pci(0x1D,0x0)\Pci(0x0,0x0)\NVMe(0x1,9C-ED-B0-71-BB-38-25-00)\HD(4,GPT,24B141D2-A3BF-4A70-B41D-6044C963C1C0,0x1CC74000,0x107F000)
6:871  0:000          Result of bootcode detection: bootable unknown (legacy)
6:871  0:000  - [10]: Volume: PciRoot(0x0)\Pci(0x1D,0x0)\Pci(0x0,0x0)\NVMe(0x1,9C-ED-B0-71-BB-38-25-00)\HD(3,GPT,49756138-8FCC-43FC-A657-9F0D86F54895,0xC874000,0x10400000)\VenMedia(BE74FCF7-0B7C-49F3-9147-01F4042E6842,67B38E767C41D04985BC2B7BBEBC9847)
6:871  0:000          hiding this volume
6:871  0:000  - [11]: Volume: PciRoot(0x0)\Pci(0x1D,0x0)\Pci(0x0,0x0)\NVMe(0x1,9C-ED-B0-71-BB-38-25-00)\HD(3,GPT,49756138-8FCC-43FC-A657-9F0D86F54895,0xC874000,0x10400000)\VenMedia(BE74FCF7-0B7C-49F3-9147-01F4042E6842,5C6D3BEC91406544B900AC646710CF30)
6:871  0:000  - [12]: Volume: PciRoot(0x0)\Pci(0x1D,0x0)\Pci(0x0,0x0)\NVMe(0x1,9C-ED-B0-71-BB-38-25-00)\HD(3,GPT,49756138-8FCC-43FC-A657-9F0D86F54895,0xC874000,0x10400000)\VenMedia(BE74FCF7-0B7C-49F3-9147-01F4042E6842,85D96F856202D340B218CC58A1555E75)
6:871  0:000          hiding this volume
6:871  0:000  - [13]: Volume: PciRoot(0x0)\Pci(0x1D,0x0)\Pci(0x0,0x0)\NVMe(0x1,9C-ED-B0-71-BB-38-25-00)\HD(3,GPT,49756138-8FCC-43FC-A657-9F0D86F54895,0xC874000,0x10400000)\VenMedia(BE74FCF7-0B7C-49F3-9147-01F4042E6842,0B3ACE26BAFC0B4297DF476C328AC99B)
6:872  0:000  - [14]: Volume: PciRoot(0x0)\Pci(0x1D,0x0)\Pci(0x0,0x0)\NVMe(0x1,9C-ED-B0-71-BB-38-25-00)\HD(3,GPT,49756138-8FCC-43FC-A657-9F0D86F54895,0xC874000,0x10400000)\VenMedia(BE74FCF7-0B7C-49F3-9147-01F4042E6842,8FA21006A8EFEE4181766EFB6BD84A15)
6:872  0:000  found 2 handles with audio
6:872  0:000  No AudioIoDevice stored
6:872  0:000  no stored audio parameters
6:872  0:000  Found Audio Device Realtek ALC269 (Speaker) at index 0
6:872  0:000  Found Audio Device Realtek ALC269 (Headphones) at index 1
6:872  0:000  Found Audio Device Intel Kaby Lake HDMI (HDMI) at index 2
6:872  0:000  === [ InitTheme ] ===============================
6:872  0:000  use night theme
6:876  0:004  Using theme 'SimpleThemeDark' (EFI\CLOVER\themes\SimpleThemeDark)
6:876  0:000  OS main and drive as badge
6:877  0:000  file sound read: sound_night.wav Not Found
6:877  0:000  file sound read: sound.wav Not Found
6:878  0:001  Loading font from ThemeDir: Success
6:879  0:000  theme inited
6:879  0:000  Chosen theme SimpleThemeDark
6:879  0:000  after NVRAM boot-args=dart=0
6:879  0:000  === [ Dump SMC keys from NVRAM ] ================
6:879  0:000  found AppleSMC protocol
6:888  0:008  === [ ScanLoader ] ==============================
6:888  0:000  - [01]: 'TOSHIBA SYSTEM VOLUME'
6:940  0:052  - [02]: 'Win7'
6:992  0:052  - [03]: 'BACKUP'
7:019  0:026  - [06]: 'EFI'
7:020  0:000          AddLoaderEntry for Volume Name=EFI
7:021  0:001          [!] Icon 19 (icons\vol_internal_ntfs.icns) not found (path: EFI\CLOVER\themes\SimpleThemeDark)
7:050  0:029          AddLoaderEntry for Volume Name=EFI
7:050  0:000          skipped because entry is hidden
7:050  0:000  - [07]: ''
7:082  0:031  - [09]: 'CHANGE'
7:110  0:028  - [10]: 'Preboot', hidden
7:110  0:000  - [11]: 'mac - pn'
7:137  0:027  - [12]: 'Recovery', hidden
7:137  0:000  - [13]: 'VM'
7:163  0:026  - [14]: 'mac'
7:167  0:003          AddLoaderEntry for Volume Name=mac
7:170  0:002      hibernated: set as never
7:171  0:000          [!] Icon 18 (icons\vol_internal_apfs.icns) not found (path: EFI\CLOVER\themes\SimpleThemeDark)
7:199  0:027  === [ AddCustomTool ] ===========================
7:200  0:001  found tool \EFI\CLOVER\tools\Shell64U.efi
7:200  0:000  Checking EFI partition Volume 6 for Clover
7:200  0:000   Found Clover
7:202  0:002  === [ GetEfiBootDeviceFromNvram ] ===============
7:202  0:000   - efi-boot-device-data: PciRoot(0x0)\Pci(0x1D,0x0)\Pci(0x0,0x0)\NVMe(0x1,9C-ED-B0-71-BB-38-25-00)\HD(3,GPT,49756138-8FCC-43FC-A657-9F0D86F54895,0xC874000,0x10400000)\VenMedia(BE74FCF7-0B7C-49F3-9147-01F4042E6842,8FA21006A8EFEE4181766EFB6BD84A15)
7:202  0:000    - Volume: 'PciRoot(0x0)\Pci(0x1D,0x0)\Pci(0x0,0x0)\NVMe(0x1,9C-ED-B0-71-BB-38-25-00)\HD(3,GPT,49756138-8FCC-43FC-A657-9F0D86F54895,0xC874000,0x10400000)\VenMedia(BE74FCF7-0B7C-49F3-9147-01F4042E6842,8FA21006A8EFEE4181766EFB6BD84A15)'
7:202  0:000    - LoaderPath: '<null string>'
7:202  0:000    - Guid = 49756138-8FCC-43FC-A657-9F0D86F54895
7:202  0:000  === [ FindStartupDiskVolume ] ===================
7:203  0:000    - Volume: partition = PciRoot(0x0)\Pci(0x1D,0x0)\Pci(0x0,0x0)\NVMe(0x1,9C-ED-B0-71-BB-38-25-00)\HD(3,GPT,49756138-8FCC-43FC-A657-9F0D86F54895,0xC874000,0x10400000)\VenMedia(BE74FCF7-0B7C-49F3-9147-01F4042E6842,8FA21006A8EFEE4181766EFB6BD84A15)
7:203  0:000     - searching for that partition
7:203  0:000      - found entry 1. 'Boot macOS from mac', Volume 'mac'
7:203  0:000  Boot redirected to Entry 1. 'Boot macOS from mac'
7:203  0:000  DefaultIndex=1 and MainMenu.Entries.size()=8
9:806  2:603  GUI ready
10:655  0:848  exit from MainMenu 1
10:655  0:000  Boot option Boot0000 not found
10:655  0:000  === [ StartLoader ] =============================
10:655  0:000  Finally: ExternalClock=25MHz BusSpeed=99707kHz CPUFreq=2592MHz PIS: hw.busfrequency=100000000Hz
10:655  0:000  start loader
10:655  0:000  Loading boot.efi  status=Success
10:714  0:059  GetOSVersion: 10.15.4 (19E287)
10:714  0:000  CSR_CFG: CSR_ALLOW_UNTRUSTED_KEXTS | CSR_ALLOW_UNRESTRICTED_FS | CSR_ALLOW_TASK_FOR_PID | CSR_ALLOW_UNRESTRICTED_DTRACE | CSR_ALLOW_UNRESTRICTED_NVRAM
10:714  0:000  Will not patch boot.efi
10:714  0:000  === [ PatchSmbios ] =============================
10:714  0:000  insert table 9 for dev 0:0
10:714  0:000  insert table 9 for dev 0:0
10:714  0:000  Table 11 present, but rewritten for us
10:716  0:002  Trusting SMBIOS...
10:716  0:000  Channels: 1
10:716  0:000  Interleave: 0 1 2 3 4 5 6 7 8 9 10 11 12 13 14 15 16 17 18 19 20 21 22 23
10:716  0:000   partNum=M471A2K43BB1-CTD    
10:716  0:000  SMBIOS Type 17 Index = 0 => 0 0:
10:716  0:000  BANK 0 DIMM0 2667MHz 16384MB(Ext:0MB)
10:716  0:000  SMBIOS Type 17 Index = 1 => 1 1:
10:716  0:000  BANK 0 DIMM1 EMPTY
10:716  0:000  mTotalSystemMemory = 16384
10:716  0:000  NumberOfMemoryDevices = 2
10:716  0:000  Type20[0]->End = 0xFFFFFF, Type17[0] = 0x4000
10:716  0:000  === [ PatchACPI ] ===============================
10:716  0:000  Xsdt reallocation done
10:716  0:000  old FADT length=114
10:716  0:000   SignatureFixup: 0xEE5E80A0 -> 0x0
10:717  0:000  Apply DsdtFixMask=0x00080001
10:717  0:000     drop _DSM mask=0xFFFF
10:717  0:000  === [ FixBiosDsdt ] =============================
10:717  0:000  Patching DSDT:
10:717  0:000   - [change _DSM to XDSM]: pattern 5F44534D, patched at: [ (3FC4) (4E3) (37A) (37A) (37A) (37A) (37A) (37A) (37A) (37A) (37A) (37A) (37A) (37A) (37A) (37A) (37A) (37A) (37A) (37A) (37A) (37A) (37A) (37A) (37A) (1CE0) (77) (29) (723) (10D) (6) (9E0) (4C2) (11) (53) (22) (22) (33) (36) (24) (2384) (D3) (D3) (D3) (D3) (D3) (BE) (BE) (CC) (104) (104) (2DA) (60B) (1A2) (10F) (122) (144) (10F) (122) (10C0) (1A4) (9E) (58) (4D7) (51D3) (940) (8B7) (8B7) (8B7) (8B7) (8B7) (8B7) (8B7) (8B7) (8B7) (8B7) (8B7) (8B7) (8B7) (8B7) (8B7) (8B7) (8B7) (8B7) (8B7) (2759) (223F) (257) (256) (256) (26C) (269) (26A) (26A) (52A) (950) (953) (953) (6E7) (1F0) (14D) (3065) ]
10:717  0:000   - [change _OSI to XOSI, pair with SSDT-XOSI.aml]: pattern 5F4F5349, patched at: [ (9C2B) (964A) (3) (18) (1C) (1C) (1A) (18) (18) (18) (18) ]
10:718  0:000   - [change H_EC to EC]: pattern 485F4543, patched at: [ (4FA) (11D6B) (1B) (15) (14) (227) (15) (19) (25) (22) (15) (909) (26) (C7F) (12) (F) (30) (32) (12) (F) (30) (333E) (14) (14) (14) (1370A) (12) (10) (1D) (12) (10) (1B) (11) (1C) (11) (10E4) (B9F) (43) (A8) (13) (14) (11) (2A) (13) (14) (11) (2A) (13) (14) (11) (4D4) (18) (18) (19) (19) (18) (12) (18) (12) (2D) (15) (15) (19) (12) (14) (11) (41) (17) (202) (29) (36) (10) (12) (17) (1A) (12) (32) (20) (24) (2A) (18) (1D) (22) (14) ]
10:718  0:000   - [change SAT0 to SATA, optionally pair with SSDT-SATA.aml]: pattern 53415430, patched at: [ (2F0) (D) (D) (16) (9BC8) (2BBA) (30) (1578A) (3F) (1728) (4F0) (20) (20) (20) (20) (20) (20) (20) (20) (20) (258) (29) (2E) (2E) (2E) (2E) ]
10:718  0:000   - [change LPC to LPCB, optionally pair with SSDT-DEHCI.aml, SSDT-DEH01.aml, SSDT-DEH02.aml, SSDT-LPC.aml]: pattern 4C50435F, patched at: [ (B1FD) (8) (204AD) ]
10:719  0:000    0 replacements
10:721  0:002  Start Add IMEI
10:722  0:000  PreCleanup XSDT: count=23, length=220
10:722  0:000  PreCleanup XSDT, corrected XSDT: count=23, length=220
10:722  0:000  === [ ACPIPatchedAML ] ==========================
10:722  0:000  AutoMerge pass 1
10:722  0:000  Unsorted
10:722  0:000  Inserting SSDT-EC-RTC-install.aml from EFI\CLOVER\ACPI\patched: ignore on pass 1
10:722  0:000  Inserting SSDT-Disable-DGPU.aml from EFI\CLOVER\ACPI\patched: ignore on pass 1
10:722  0:000  Inserting SSDT-XOSI.aml from EFI\CLOVER\ACPI\patched: ignore on pass 1
10:722  0:000  Inserting SSDT-SATA.aml from EFI\CLOVER\ACPI\patched: ignore on pass 1
10:722  0:000  Inserting SSDT-RMCF.aml from EFI\CLOVER\ACPI\patched: ignore on pass 1
10:722  0:000  Inserting SSDT-LPC.aml from EFI\CLOVER\ACPI\patched: ignore on pass 1
10:722  0:000  === [ ACPIDropTables ] ==========================
10:722  0:000  Patching SSDT SataTabl Length=857
10:722  0:000  0. [change _DSM to XDSM]: pattern 5F44534D, bin not found / already patched!
10:722  0:000  1. [change _OSI to XOSI, pair with SSDT-XOSI.aml]: pattern 5F4F5349, bin not found / already patched!
10:722  0:000  2. [change H_EC to EC]: pattern 485F4543, bin not found / already patched!
10:722  0:000  3. [change SAT0 to SATA, optionally pair with SSDT-SATA.aml]: pattern 53415430, patched at: [ (27) (E) (12) (12) (12) (12) (12) (AB) ]
10:722  0:000  4. [change LPC to LPCB, optionally pair with SSDT-DEHCI.aml, SSDT-DEH01.aml, SSDT-DEH02.aml, SSDT-LPC.aml]: pattern 4C50435F, bin not found / already patched!
10:722  0:000    0 replacements
10:722  0:000  Patching SSDT SaSsdt  Length=12645
10:722  0:000  0. [change _DSM to XDSM]: pattern 5F44534D, patched at: [ (2C53) ]
10:722  0:000  1. [change _OSI to XOSI, pair with SSDT-XOSI.aml]: pattern 5F4F5349, bin not found / already patched!
10:722  0:000  2. [change H_EC to EC]: pattern 485F4543, bin not found / already patched!
10:722  0:000  3. [change SAT0 to SATA, optionally pair with SSDT-SATA.aml]: pattern 53415430, bin not found / already patched!
10:722  0:000  4. [change LPC to LPCB, optionally pair with SSDT-DEHCI.aml, SSDT-DEH01.aml, SSDT-DEH02.aml, SSDT-LPC.aml]: pattern 4C50435F, bin not found / already patched!
10:722  0:000    0 replacements
10:722  0:000  Found OperationRegion(SANV, SystemMemory, 7A982798, ...)
10:722  0:000  Patching SSDT Ther_Rvp Length=4451
10:722  0:000  0. [change _DSM to XDSM]: pattern 5F44534D, bin not found / already patched!
10:722  0:000  1. [change _OSI to XOSI, pair with SSDT-XOSI.aml]: pattern 5F4F5349, bin not found / already patched!
10:722  0:000  2. [change H_EC to EC]: pattern 485F4543, patched at: [ (1F6) (16) (16) (16) (16) (16) (16) (16) (4EC) (22) (18) (20) (18) (15) (15) (13) (251) (14) (14) (17D) (14) (14) ]
10:722  0:000  3. [change SAT0 to SATA, optionally pair with SSDT-SATA.aml]: pattern 53415430, bin not found / already patched!
10:722  0:000  4. [change LPC to LPCB, optionally pair with SSDT-DEHCI.aml, SSDT-DEH01.aml, SSDT-DEH02.aml, SSDT-LPC.aml]: pattern 4C50435F, bin not found / already patched!
10:722  0:000    0 replacements
10:722  0:000  Patching SSDT xh_kbl_s Length=2607
10:722  0:000  0. [change _DSM to XDSM]: pattern 5F44534D, bin not found / already patched!
10:722  0:000  1. [change _OSI to XOSI, pair with SSDT-XOSI.aml]: pattern 5F4F5349, bin not found / already patched!
10:722  0:000  2. [change H_EC to EC]: pattern 485F4543, bin not found / already patched!
10:722  0:000  3. [change SAT0 to SATA, optionally pair with SSDT-SATA.aml]: pattern 53415430, bin not found / already patched!
10:722  0:000  4. [change LPC to LPCB, optionally pair with SSDT-DEHCI.aml, SSDT-DEH01.aml, SSDT-DEH02.aml, SSDT-LPC.aml]: pattern 4C50435F, bin not found / already patched!
10:722  0:000    0 replacements
10:722  0:000  Patching SSDT CpuSsdt Length=6062
10:722  0:000  0. [change _DSM to XDSM]: pattern 5F44534D, bin not found / already patched!
10:722  0:000  1. [change _OSI to XOSI, pair with SSDT-XOSI.aml]: pattern 5F4F5349, bin not found / already patched!
10:722  0:000  2. [change H_EC to EC]: pattern 485F4543, bin not found / already patched!
10:722  0:000  3. [change SAT0 to SATA, optionally pair with SSDT-SATA.aml]: pattern 53415430, bin not found / already patched!
10:722  0:000  4. [change LPC to LPCB, optionally pair with SSDT-DEHCI.aml, SSDT-DEH01.aml, SSDT-DEH02.aml, SSDT-LPC.aml]: pattern 4C50435F, bin not found / already patched!
10:722  0:000    0 replacements
10:722  0:000  Found OperationRegion(PNVS, SystemMemory, 72313000, ...)
10:722  0:000  Patching SSDT HdaDsp Length=321
10:722  0:000  0. [change _DSM to XDSM]: pattern 5F44534D, bin not found / already patched!
10:722  0:000  1. [change _OSI to XOSI, pair with SSDT-XOSI.aml]: pattern 5F4F5349, bin not found / already patched!
10:722  0:000  2. [change H_EC to EC]: pattern 485F4543, bin not found / already patched!
10:722  0:000  3. [change SAT0 to SATA, optionally pair with SSDT-SATA.aml]: pattern 53415430, bin not found / already patched!
10:722  0:000  4. [change LPC to LPCB, optionally pair with SSDT-DEHCI.aml, SSDT-DEH01.aml, SSDT-DEH02.aml, SSDT-LPC.aml]: pattern 4C50435F, bin not found / already patched!
10:722  0:000    0 replacements
10:722  0:000  Patching SSDT sensrhub Length=671
10:722  0:000  0. [change _DSM to XDSM]: pattern 5F44534D, patched at: [ (A5) ]
10:722  0:000  1. [change _OSI to XOSI, pair with SSDT-XOSI.aml]: pattern 5F4F5349, bin not found / already patched!
10:722  0:000  2. [change H_EC to EC]: pattern 485F4543, bin not found / already patched!
10:722  0:000  3. [change SAT0 to SATA, optionally pair with SSDT-SATA.aml]: pattern 53415430, bin not found / already patched!
10:722  0:000  4. [change LPC to LPCB, optionally pair with SSDT-DEHCI.aml, SSDT-DEH01.aml, SSDT-DEH02.aml, SSDT-LPC.aml]: pattern 4C50435F, bin not found / already patched!
10:722  0:000    0 replacements
10:722  0:000  Patching SSDT PtidDevc Length=12290
10:722  0:000  0. [change _DSM to XDSM]: pattern 5F44534D, bin not found / already patched!
10:723  0:000  1. [change _OSI to XOSI, pair with SSDT-XOSI.aml]: pattern 5F4F5349, bin not found / already patched!
10:723  0:000  2. [change H_EC to EC]: pattern 485F4543, patched at: [ (24) (57) (16) (16) (16) (16) (16) (16) (16) (16) (16) (16) (3A) (16) (16) (16) (16) (16) (16) (16) (16) (16) (16) (16) (16) (16) (16) (16) (16) (16) (16) (16) (16) (16) (16) (16) (16) (16) (16) (16) (16) (16) (16) (16) (16) (16) (16) (16) (16) (16) (16) (16) (16) (16) (16) (16) (16) (16) (16) (16) (16) (16) (16) (16) (16) (16) (16) (16) (16) (16) (16) (16) (16) (16) (16) (16) (16) (16) (16) (16) (16) (16) (16) (16) (B4D) (17) (14) (25) (14) (25) (14) (25) (14) (25) (14) (25) (14) (25) (14) (3E) (1A) (14) (24) (14) (24) (14) (24) (14) (24) (14) (11E) (17) (14) (25) (14) (25) (14) (25) (14) (25) (14) (25) (14) (25) (14) (25) (14) (56) (1A) (14) (24) (14) (24) (14) (24) (14) (8D) (15) (14) (1B) (14) (1D) (14) (1C) (14) (1E) (14) (1C) (14) (1C) (14) (1C) (14) (1C) (14) (1C) (14) (1C) (14) (1C) (14) (1C) (14) (1C) (14) (1C) (14) (1C) (14) (35) (14) (16) (14) (44) (4E) (14) (1B) (14) (1B) (14) (1D) (14) (20) (14) (20) (14) (20) (14) (20) (14) (4F) (14) (1B) (14) (1B) (14) (1D) (14) (20) (14) (20) (14) (20) (14) (AE) (15) (14) (1C) (14) (1C) (14) (1C) (14) (1C) (14) (1C) (14) (1C) (14) (1C) (14) (1C) (14) (1C) (14) (1C) (14) (1C) (14) (1C) (14) (1C) (14) (1C) (14) (1C) (14) (1C) (14) (1C) (14) (1C) (14) (1C) (14) (3A) (14) (1A) (13) (1A) (13) (1A) (13) (1A) (13) (1A) (13) (1A) (13) (1A) (13) (1A) (13) (1A) (13) (1A) (13) (1A) (13) (1A) (13) (1A) (13) (1A) (13) (1A) (13) (1A) (13) (1A) (13) (1A) (13) (1A) (13) (1A) (13) (21) (14) (21) (14) (23) (15) (14) (25) (15) (14) (19) (14) (1D) (14) (1D) (14) ]
10:723  0:000  3. [change SAT0 to SATA, optionally pair with SSDT-SATA.aml]: pattern 53415430, bin not found / already patched!
10:723  0:000  4. [change LPC to LPCB, optionally pair with SSDT-DEHCI.aml, SSDT-DEH01.aml, SSDT-DEH02.aml, SSDT-LPC.aml]: pattern 4C50435F, bin not found / already patched!
10:723  0:000    0 replacements
10:723  0:000  Patching SSDT TbtTypeC Length=1303
10:723  0:000  0. [change _DSM to XDSM]: pattern 5F44534D, bin not found / already patched!
10:723  0:000  1. [change _OSI to XOSI, pair with SSDT-XOSI.aml]: pattern 5F4F5349, bin not found / already patched!
10:723  0:000  2. [change H_EC to EC]: pattern 485F4543, bin not found / already patched!
10:723  0:000  3. [change SAT0 to SATA, optionally pair with SSDT-SATA.aml]: pattern 53415430, bin not found / already patched!
10:723  0:000  4. [change LPC to LPCB, optionally pair with SSDT-DEHCI.aml, SSDT-DEH01.aml, SSDT-DEH02.aml, SSDT-LPC.aml]: pattern 4C50435F, bin not found / already patched!
10:723  0:000    0 replacements
10:723  0:000  Patching SSDT Wwan Length=774
10:723  0:000  0. [change _DSM to XDSM]: pattern 5F44534D, bin not found / already patched!
10:723  0:000  1. [change _OSI to XOSI, pair with SSDT-XOSI.aml]: pattern 5F4F5349, bin not found / already patched!
10:723  0:000  2. [change H_EC to EC]: pattern 485F4543, bin not found / already patched!
10:723  0:000  3. [change SAT0 to SATA, optionally pair with SSDT-SATA.aml]: pattern 53415430, bin not found / already patched!
10:723  0:000  4. [change LPC to LPCB, optionally pair with SSDT-DEHCI.aml, SSDT-DEH01.aml, SSDT-DEH02.aml, SSDT-LPC.aml]: pattern 4C50435F, bin not found / already patched!
10:723  0:000    0 replacements
10:723  0:000  === [ ACPIPatchedAML ] ==========================
10:723  0:000  AutoMerge pass 2
10:723  0:000  Unsorted
10:723  0:000  Inserting SSDT-EC-RTC-install.aml from EFI\CLOVER\ACPI\patched: size=167 ... Success
10:723  0:000  Inserting SSDT-Disable-DGPU.aml from EFI\CLOVER\ACPI\patched: size=1411 ... Success
10:723  0:000  Inserting SSDT-XOSI.aml from EFI\CLOVER\ACPI\patched: size=206 ... Success
10:724  0:000  Inserting SSDT-SATA.aml from EFI\CLOVER\ACPI\patched: size=296 ... Success
10:724  0:000  Inserting SSDT-RMCF.aml from EFI\CLOVER\ACPI\patched: size=911 ... Success
10:724  0:000  Inserting SSDT-LPC.aml from EFI\CLOVER\ACPI\patched: size=390 ... Success
10:724  0:000  ApicCPUNum=1
10:724  0:000  Maximum control=0x1A
10:724  0:000  Turbo control=0x2B
10:724  0:000  P-States: min 0x8, max 0x2B
10:724  0:000  SSDT with plugin-type without P-States is generated
10:724  0:000  Cleanup XSDT: count=30, length=276
10:724  0:000  corrected XSDT count=30, length=276
10:724  0:000  === [ RestSetup macOS ] =========================
10:724  0:000  EdidDiscovered size=256
10:724  0:000  --- Discovered EDID Table size:256
10:724  0:000  000  |  00  FF  FF  FF  FF  FF  FF  00  1E  6D
10:724  0:000  010  |  B8  5A  01  01  01  01  01  18  01  03
10:724  0:000  020  |  80  30  1B  78  EA  31  35  A5  55  4E
10:724  0:000  030  |  A1  26  0C  50  54  A5  4B  00  71  4F
10:724  0:000  040  |  81  80  95  00  B3  00  A9  C0  81  00
10:724  0:000  050  |  81  C0  90  40  02  3A  80  18  71  38
10:724  0:000  060  |  2D  40  58  2C  45  00  E0  0E  11  00
10:724  0:000  070  |  00  1E  00  00  00  FD  00  38  4B  1E
10:724  0:000  080  |  53  0F  00  0A  20  20  20  20  20  20
10:724  0:000  090  |  00  00  00  FC  00  4C  47  20  49  50
10:724  0:000  100  |  53  20  46  55  4C  4C  48  44  00  00
10:724  0:000  110  |  00  FF  00  0A  20  20  20  20  20  20
10:724  0:000  120  |  20  20  20  20  20  20  01  64  02  03
10:724  0:000  130  |  1D  F1  4A  90  04  03  01  14  12  05
10:724  0:000  140  |  1F  10  13  23  09  07  07  83  01  00
10:724  0:000  150  |  00  65  03  0C  00  10  00  02  3A  80
10:724  0:000  160  |  18  71  38  2D  40  58  2C  45  00  E0
10:724  0:000  170  |  0E  11  00  00  1E  01  1D  80  18  71
10:724  0:000  180  |  1C  16  20  58  2C  25  00  E0  0E  11
10:724  0:000  190  |  00  00  9E  01  1D  00  72  51  D0  1E
10:724  0:000  200  |  20  6E  28  55  00  E0  0E  11  00  00
10:724  0:000  210  |  1E  8C  0A  D0  8A  20  E0  2D  10  10
10:724  0:000  220  |  3E  96  00  E0  0E  11  00  00  18  00
10:724  0:000  230  |  00  00  00  00  00  00  00  00  00  00
10:724  0:000  240  |  00  00  00  00  00  00  00  00  00  00
10:724  0:000  250  |  00  00  00  00  00  AE
10:724  0:000  add device: PciRoot(0x0)/Pci(0x2,0x0)
10:724  0:000     Add key=name valuelen=5
10:724  0:000     Add key=model valuelen=23
10:724  0:000     Add key=hda-gfx valuelen=10
10:724  0:000     Add key=framebuffer-unifiedmem valuelen=4
10:724  0:000     Add key=framebuffer-portcount valuelen=4
10:724  0:000     Add key=framebuffer-patch-enable valuelen=4
10:724  0:000     Add key=framebuffer-con1-type valuelen=4
10:724  0:000     Add key=framebuffer-con1-index valuelen=4
10:724  0:000     Add key=framebuffer-con1-flags valuelen=4
10:724  0:000     Add key=framebuffer-con1-enable valuelen=4
10:724  0:000     Add key=framebuffer-con1-busid valuelen=4
10:724  0:000     Add key=framebuffer-con0-type valuelen=4
10:724  0:000     Add key=framebuffer-con0-pipe valuelen=4
10:724  0:000     Add key=framebuffer-con0-index valuelen=4
10:724  0:000     Add key=framebuffer-con0-flags valuelen=4
10:724  0:000     Add key=framebuffer-con0-enable valuelen=4
10:724  0:000     Add key=framebuffer-con0-busid valuelen=4
10:724  0:000     Add key=enable-hdmi20 valuelen=4
10:724  0:000     Add key=enable-hdmi-dividers-fix valuelen=4
10:724  0:000     Add key=device_type valuelen=16
10:724  0:000     Add key=device-id valuelen=4
10:724  0:000     Add key=AAPL,slot-name valuelen=9
10:724  0:000     Add key=AAPL,ig-platform-id valuelen=4
10:724  0:000  add device: PciRoot(0x0)/Pci(0x1F,0x4)
10:724  0:000     Add key=model valuelen=44
10:724  0:000     Add key=device_type valuelen=22
10:724  0:000     Add key=AAPL,slot-name valuelen=9
10:724  0:000  add device: PciRoot(0x0)/Pci(0x1F,0x3)
10:724  0:000     Add key=name valuelen=5
10:724  0:000     Add key=model valuelen=26
10:724  0:000     Add key=layout-id valuelen=4
10:724  0:000     Add key=device_type valuelen=13
10:724  0:000     Add key=AAPL,slot-name valuelen=9
10:724  0:000  add device: PciRoot(0x0)/Pci(0x1F,0x2)
10:724  0:000     Add key=model valuelen=66
10:724  0:000     Add key=device_type valuelen=18
10:725  0:000     Add key=AAPL,slot-name valuelen=9
10:725  0:000  add device: PciRoot(0x0)/Pci(0x1C,0x0)/Pci(0x0,0x0)
10:725  0:000     Add key=model valuelen=58
10:725  0:000     Add key=device_type valuelen=19
10:725  0:000     Add key=AAPL,slot-name valuelen=9
10:725  0:000  add device: PciRoot(0x0)/Pci(0x14,0x2)
10:725  0:000     Add key=model valuelen=56
10:725  0:000     Add key=device_type valuelen=29
10:725  0:000     Add key=AAPL,slot-name valuelen=9
10:725  0:000  add device: PciRoot(0x0)/Pci(0x14,0x0)
10:725  0:000     Add key=model valuelen=62
10:725  0:000     Add key=device_type valuelen=22
10:725  0:000     Add key=AAPL,slot-name valuelen=9
10:725  0:000  Intel GFX injection not set
10:725  0:000   RCBA disabled; cannot use it
10:725  0:000  stringlength = 5136
10:725  0:000  CurrentMode: Width=1920 Height=1080
10:725  0:000  Beginning FSInjection
FSInjectionInstall ...
- Our FSI_SIMPLE_FILE_SYSTEM_PROTOCOL installed on handle: 75584F98
FSInjectionInstall ...
- Our FSI_SIMPLE_FILE_SYSTEM_PROTOCOL installed on handle: 75584F98
10:731  0:006  Use origin smbios table type 1 guid.
10:734  0:002  Preparing kexts injection for arch=x86_64 from EFI\CLOVER\kexts\Other
10:734  0:000  ->Extra kext: EFI\CLOVER\kexts\Other\AirportBrcmFixup.kext (v.2.0.6)
10:741  0:006  ->Extra kext: EFI\CLOVER\kexts\Other\IO80211Family.kext (v.1200.12.2)
10:748  0:006      |-- PlugIn kext: EFI\CLOVER\kexts\Other\IO80211Family.kext\Contents\PlugIns\AirPortBrcmNIC.kext (v.1241.31.1a9)
10:761  0:013      |-- PlugIn kext: EFI\CLOVER\kexts\Other\IO80211Family.kext\Contents\PlugIns\AirPortAtheros40.kext (v.700.74.5)
10:768  0:006      |-- PlugIn kext: EFI\CLOVER\kexts\Other\IO80211Family.kext\Contents\PlugIns\AirPortBrcm4360.kext (v.1240.19.1a3)
10:779  0:011      |-- PlugIn kext: EFI\CLOVER\kexts\Other\IO80211Family.kext\Contents\PlugIns\AirPortBrcm4331.kext (v.800.21.30)
10:786  0:007      |-- PlugIn kext: EFI\CLOVER\kexts\Other\IO80211Family.kext\Contents\PlugIns\IO80211NetBooter.kext (v.1200.12.2)
10:790  0:004  ->Extra kext: EFI\CLOVER\kexts\Other\Lilu.kext (v.1.4.4)
10:796  0:005  ->Extra kext: EFI\CLOVER\kexts\Other\WhateverGreen.kext (v.1.3.8)
10:803  0:006  ->Extra kext: EFI\CLOVER\kexts\Other\VirtualSMC.kext (v.1.1.1)
10:812  0:008      |-- PlugIn kext: EFI\CLOVER\kexts\Other\VirtualSMC.kext\Contents\PlugIns\SMCSuperIO.kext (v.1.1.1)
10:817  0:005      |-- PlugIn kext: EFI\CLOVER\kexts\Other\VirtualSMC.kext\Contents\PlugIns\SMCProcessor.kext (v.1.1.1)
10:823  0:005  ->Extra kext: EFI\CLOVER\kexts\Other\USBPorts.kext (v.1.0)
10:826  0:003  ->Extra kext: EFI\CLOVER\kexts\Other\RealtekRTL8111.kext (v.2.2.2)
10:832  0:005  ->Extra kext: EFI\CLOVER\kexts\Other\Lilu.kext.bak (v.1.4.2)
10:838  0:005  ->Extra kext: EFI\CLOVER\kexts\Other\AppleALC.kext (v.1.4.8)
11:483  0:644  Preparing kexts injection for arch=x86_64 from EFI\CLOVER\kexts\10
11:483  0:000  Preparing kexts injection for arch=x86_64 from EFI\CLOVER\kexts\10_normal
11:483  0:000  Preparing kexts injection for arch=x86_64 from EFI\CLOVER\kexts\10.15
11:483  0:000  Preparing kexts injection for arch=x86_64 from EFI\CLOVER\kexts\10.15_normal
11:483  0:000  Preparing kexts injection for arch=x86_64 from EFI\CLOVER\kexts\10.15.4
11:483  0:000  Preparing kexts injection for arch=x86_64 from EFI\CLOVER\kexts\10.15.4_normal
11:494  0:010  SetStartupDiskVolume:
11:494  0:000    * Volume: 'mac'
11:494  0:000    * LoaderPath: '<null string>'
11:494  0:000    * DevPath: mac
11:494  0:000    * GUID = 49756138-8FCC-43FC-A657-9F0D86F54895
11:494  0:000    * efi-boot-device: <array><dict><key>IOMatch</key><dict><key>IOProviderClass</key><string>IOMedia</string><key>IOPropertyMatch</key><dict><key>UUID</key><string>49756138-8FCC-43FC-A657-9F0D86F54895</string></dict></dict></dict></array>
11:494  0:000  SetScreenResolution: 1920x1080 - already set
11:494  0:000  Custom boot is disabled
11:495  0:001  Closing log
